<?xml version="1.0" encoding="UTF-8"?>
<!-- Generated by org.testng.reporters.JUnitReportReporter -->
<testsuite skipped="0" hostname="361cf441f858" name="com.newtours.tests.BookFlightTest" tests="20" failures="0" timestamp="01 Dec 2022 16:31:52 GMT" time="38.395" errors="0">
  <testcase name="flightDetailsPageTest" time="1.697" classname="com.newtours.tests.BookFlightTest"/>
  <testcase name="findFlightPageTest" time="0.594" classname="com.newtours.tests.BookFlightTest"/>
  <testcase name="flightConfirmationPageTest" time="0.308" classname="com.newtours.tests.BookFlightTest"/>
  <testcase name="flightConfirmationPageTest" time="0.299" classname="com.newtours.tests.BookFlightTest"/>
  <testcase name="registrationPageTest" time="6.976" classname="com.newtours.tests.BookFlightTest"/>
  <testcase name="registrationConfirmationPageTest" time="0.104" classname="com.newtours.tests.BookFlightTest"/>
  <testcase name="flightConfirmationPageTest" time="0.325" classname="com.newtours.tests.BookFlightTest"/>
  <testcase name="registrationConfirmationPageTest" time="0.095" classname="com.newtours.tests.BookFlightTest"/>
  <testcase name="findFlightPageTest" time="0.661" classname="com.newtours.tests.BookFlightTest"/>
  <testcase name="registrationConfirmationPageTest" time="0.123" classname="com.newtours.tests.BookFlightTest"/>
  <testcase name="flightDetailsPageTest" time="1.676" classname="com.newtours.tests.BookFlightTest"/>
  <testcase name="flightDetailsPageTest" time="1.600" classname="com.newtours.tests.BookFlightTest"/>
  <testcase name="flightConfirmationPageTest" time="0.318" classname="com.newtours.tests.BookFlightTest"/>
  <testcase name="registrationConfirmationPageTest" time="0.166" classname="com.newtours.tests.BookFlightTest"/>
  <testcase name="findFlightPageTest" time="0.556" classname="com.newtours.tests.BookFlightTest"/>
  <testcase name="registrationPageTest" time="7.567" classname="com.newtours.tests.BookFlightTest"/>
  <testcase name="findFlightPageTest" time="0.596" classname="com.newtours.tests.BookFlightTest"/>
  <testcase name="flightDetailsPageTest" time="1.728" classname="com.newtours.tests.BookFlightTest"/>
  <testcase name="registrationPageTest" time="6.646" classname="com.newtours.tests.BookFlightTest"/>
  <testcase name="registrationPageTest" time="6.360" classname="com.newtours.tests.BookFlightTest"/>
</testsuite> <!-- com.newtours.tests.BookFlightTest -->
