<?xml version="1.0" encoding="UTF-8"?>
<!-- Generated by org.testng.reporters.JUnitReportReporter -->
<testsuite skipped="0" hostname="1b3f1e9e20cb" name="com.searchmodule.tests.SearchTest" tests="4" failures="0" timestamp="01 Dec 2022 16:32:16 GMT" time="21.683" errors="0">
  <testcase name="search" time="3.394" classname="com.searchmodule.tests.SearchTest"/>
  <testcase name="search" time="8.085" classname="com.searchmodule.tests.SearchTest"/>
  <testcase name="search" time="6.663" classname="com.searchmodule.tests.SearchTest"/>
  <testcase name="search" time="3.541" classname="com.searchmodule.tests.SearchTest"/>
</testsuite> <!-- com.searchmodule.tests.SearchTest -->
